[debug] [2024-01-20T20:29:26.005Z] ----------------------------------------------------------------------
[debug] [2024-01-20T20:29:26.006Z] Command:       C:\Program Files\nodejs\node.exe C:\Users\navee\AppData\Roaming\npm\node_modules\firebase-tools\lib\bin\firebase.js init
[debug] [2024-01-20T20:29:26.007Z] CLI Version:   12.7.0
[debug] [2024-01-20T20:29:26.007Z] Platform:      win32
[debug] [2024-01-20T20:29:26.007Z] Node Version:  v18.14.0
[debug] [2024-01-20T20:29:26.008Z] Time:          Sun Jan 21 2024 01:59:26 GMT+0530 (India Standard Time)
[debug] [2024-01-20T20:29:26.008Z] ----------------------------------------------------------------------
[debug] 
[debug] [2024-01-20T20:29:26.017Z] > command requires scopes: ["email","openid","https://www.googleapis.com/auth/cloudplatformprojects.readonly","https://www.googleapis.com/auth/firebase","https://www.googleapis.com/auth/cloud-platform"]
[debug] [2024-01-20T20:29:26.018Z] > authorizing via signed-in user (nomanns.work@gmail.com)
[info] 
     ######## #### ########  ######## ########     ###     ######  ########
     ##        ##  ##     ## ##       ##     ##  ##   ##  ##       ##
     ######    ##  ########  ######   ########  #########  ######  ######
     ##        ##  ##    ##  ##       ##     ## ##     ##       ## ##
     ##       #### ##     ## ######## ########  ##     ##  ######  ########

You're about to initialize a Firebase project in this directory:

  C:\My Storage\Workspaces\Personal Projects\Portofolios\HTML, CSS, JS\Personal Portfolio Website

Before we get started, keep in mind:

  * You are currently outside your home directory

[info] 
=== Project Setup
[info] 
[info] First, let's associate this project directory with a Firebase project.
[info] You can create multiple project aliases by running firebase use --add, 
[info] but for now we'll just set up a default project.
[info] 
[debug] [2024-01-20T20:29:38.094Z] >>> [apiv2][query] GET https://firebase.googleapis.com/v1beta1/projects pageSize=100
[debug] [2024-01-20T20:29:39.082Z] <<< [apiv2][status] GET https://firebase.googleapis.com/v1beta1/projects 200
[debug] [2024-01-20T20:29:39.083Z] <<< [apiv2][body] GET https://firebase.googleapis.com/v1beta1/projects [omitted]
[debug] [2024-01-20T20:39:21.935Z] ----------------------------------------------------------------------
[debug] [2024-01-20T20:39:21.937Z] Command:       C:\Program Files\nodejs\node.exe C:\Users\navee\AppData\Roaming\npm\node_modules\firebase-tools\lib\bin\firebase.js init
[debug] [2024-01-20T20:39:21.937Z] CLI Version:   12.7.0
[debug] [2024-01-20T20:39:21.938Z] Platform:      win32
[debug] [2024-01-20T20:39:21.938Z] Node Version:  v18.14.0
[debug] [2024-01-20T20:39:21.939Z] Time:          Sun Jan 21 2024 02:09:21 GMT+0530 (India Standard Time)
[debug] [2024-01-20T20:39:21.939Z] ----------------------------------------------------------------------
[debug] 
[debug] [2024-01-20T20:39:21.998Z] Object "" in "firebase.json" has unknown property: {"additionalProperty":"apiKey"}
[debug] [2024-01-20T20:39:22.003Z] > command requires scopes: ["email","openid","https://www.googleapis.com/auth/cloudplatformprojects.readonly","https://www.googleapis.com/auth/firebase","https://www.googleapis.com/auth/cloud-platform"]
[debug] [2024-01-20T20:39:22.004Z] > authorizing via signed-in user (nomanns.work@gmail.com)
[debug] [2024-01-20T20:39:22.004Z] Object "" in "firebase.json" has unknown property: {"additionalProperty":"apiKey"}
[info] 
     ######## #### ########  ######## ########     ###     ######  ########
     ##        ##  ##     ## ##       ##     ##  ##   ##  ##       ##
     ######    ##  ########  ######   ########  #########  ######  ######
     ##        ##  ##    ##  ##       ##     ## ##     ##       ## ##
     ##       #### ##     ## ######## ########  ##     ##  ######  ########

You're about to initialize a Firebase project in this directory:

  C:\My Storage\Workspaces\Personal Projects\Portofolios\HTML, CSS, JS\Personal Portfolio Website

Before we get started, keep in mind:

  * You are currently outside your home directory
  * You are initializing within an existing Firebase project directory

[info] 
=== Project Setup
[info] 
[info] First, let's associate this project directory with a Firebase project.
[info] You can create multiple project aliases by running firebase use --add, 
[info] but for now we'll just set up a default project.
[info] 
[debug] [2024-01-20T20:39:30.015Z] Using project from CLI flag: personal-profile-website-605d0
[debug] [2024-01-20T20:39:30.017Z] >>> [apiv2][query] GET https://firebase.googleapis.com/v1beta1/projects/personal-profile-website-605d0 [none]
[debug] [2024-01-20T20:39:30.726Z] <<< [apiv2][status] GET https://firebase.googleapis.com/v1beta1/projects/personal-profile-website-605d0 200
[debug] [2024-01-20T20:39:30.727Z] <<< [apiv2][body] GET https://firebase.googleapis.com/v1beta1/projects/personal-profile-website-605d0 {"projectId":"personal-profile-website-605d0","projectNumber":"880769541923","displayName":"personal-profile-website","name":"projects/personal-profile-website-605d0","resources":{"hostingSite":"personal-profile-website-605d0"},"state":"ACTIVE","etag":"1_9697601d-3ac2-4895-95b4-0e68fc473039"}
[info] i  Using project personal-profile-website-605d0 (personal-profile-website) 
[info] 
=== Hosting:github Setup
[info] 
[info] i  Didn't detect a .git folder. Assuming C:\My Storage\Workspaces\Personal Projects\Portofolios\HTML, CSS, JS\Personal Portfolio Website is the project root. 
[info] i  Authorizing with GitHub to upload your service account to a GitHub repository's secrets store. 
[info] 
[info] Visit this URL on this device to log in:
[info] https://github.com/login/oauth/authorize?client_id=89cf50f02ac6aaed3484&state=692935635&redirect_uri=http%3A%2F%2Flocalhost%3A9005&scope=read%3Auser%20repo%20public_repo
[info] 
[info] Waiting for authentication...
[debug] [2024-01-20T20:39:31.471Z] >>> [apiv2][query] POST https://github.com/login/oauth/access_token [none]
[debug] [2024-01-20T20:39:31.472Z] >>> [apiv2][body] POST https://github.com/login/oauth/access_token [stream]
[debug] [2024-01-20T20:39:31.879Z] <<< [apiv2][status] POST https://github.com/login/oauth/access_token 200
[debug] [2024-01-20T20:39:31.879Z] <<< [apiv2][body] POST https://github.com/login/oauth/access_token {"access_token":"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","token_type":"bearer","scope":"read:user,repo"}
[debug] [2024-01-20T20:39:31.888Z] >>> [apiv2][query] GET https://api.github.com/user [none]
[debug] [2024-01-20T20:39:32.345Z] <<< [apiv2][status] GET https://api.github.com/user 200
[debug] [2024-01-20T20:39:32.345Z] <<< [apiv2][body] GET https://api.github.com/user {"login":"naveenoo9","id":50537003,"node_id":"MDQ6VXNlcjUwNTM3MDAz","avatar_url":"https://avatars.githubusercontent.com/u/50537003?v=4","gravatar_id":"","url":"https://api.github.com/users/naveenoo9","html_url":"https://github.com/naveenoo9","followers_url":"https://api.github.com/users/naveenoo9/followers","following_url":"https://api.github.com/users/naveenoo9/following{/other_user}","gists_url":"https://api.github.com/users/naveenoo9/gists{/gist_id}","starred_url":"https://api.github.com/users/naveenoo9/starred{/owner}{/repo}","subscriptions_url":"https://api.github.com/users/naveenoo9/subscriptions","organizations_url":"https://api.github.com/users/naveenoo9/orgs","repos_url":"https://api.github.com/users/naveenoo9/repos","events_url":"https://api.github.com/users/naveenoo9/events{/privacy}","received_events_url":"https://api.github.com/users/naveenoo9/received_events","type":"User","site_admin":false,"name":null,"company":null,"blog":"","location":null,"email":null,"hireable":null,"bio":null,"twitter_username":null,"public_repos":17,"public_gists":0,"followers":0,"following":2,"created_at":"2019-05-12T04:03:51Z","updated_at":"2023-10-03T01:01:08Z","private_gists":0,"total_private_repos":3,"owned_private_repos":3,"disk_usage":29811,"collaborators":0,"two_factor_authentication":true,"plan":{"name":"free","space":976562499,"collaborators":0,"private_repos":10000}}
[info] 
[info] +  Success! Logged into GitHub as naveenoo9 
[info] 
